<?xml version="1.0" encoding="UTF-8"?>
<!-- Generated by org.testng.reporters.JUnitReportReporter -->
<testsuite skipped="0" hostname="keerthi-PC" name="Nextgeneration.Way2sms" tests="1" failures="0" timestamp="08 Jan 2019 06:48:25 GMT" time="21.781" errors="0">
  <testcase name="login" time="21.781" classname="Nextgeneration.Way2sms"/>
</testsuite> <!-- Nextgeneration.Way2sms -->
