<?xml version="1.0" encoding="UTF-8"?>
<!-- Generated by org.testng.reporters.JUnitReportReporter -->
<testsuite skipped="0" hostname="keerthi-PC" name="Nextgeneration.Way2sms" tests="1" failures="0" timestamp="27 Dec 2018 10:59:27 GMT" time="10.879" errors="0">
  <testcase name="login" time="10.879" classname="Nextgeneration.Way2sms"/>
</testsuite> <!-- Nextgeneration.Way2sms -->
