<?xml version="1.0" encoding="UTF-8"?>
<!-- Generated by org.testng.reporters.JUnitReportReporter -->
<testsuite skipped="0" hostname="keerthi-PC" name="Nextgeneration.Naukri1" tests="1" failures="0" timestamp="26 Dec 2018 12:03:21 GMT" time="47.643" errors="0">
  <testcase name="login" time="47.643" classname="Nextgeneration.Naukri1"/>
</testsuite> <!-- Nextgeneration.Naukri1 -->
