<?xml version="1.0" encoding="UTF-8"?>
<!-- Generated by org.testng.reporters.JUnitReportReporter -->
<testsuite skipped="0" hostname="keerthi-PC" name="newtours.Dataprovidersameclass" tests="6" failures="0" timestamp="04 Oct 2018 19:47:14 GMT" time="31.879" errors="0">
  <testcase name="launch" time="14.335" classname="newtours.Dataprovidersameclass"/>
  <testcase name="launch" time="13.757" classname="newtours.Dataprovidersameclass"/>
  <testcase name="contactinfo" time="1.590" classname="newtours.Dataprovidersameclass"/>
  <testcase name="contactinfo" time="1.766" classname="newtours.Dataprovidersameclass"/>
  <testcase name="close" time="0.149" classname="newtours.Dataprovidersameclass"/>
  <testcase name="close" time="0.282" classname="newtours.Dataprovidersameclass"/>
</testsuite> <!-- newtours.Dataprovidersameclass -->
