<?xml version="1.0" encoding="UTF-8"?>
<!-- Generated by org.testng.reporters.JUnitReportReporter -->
<testsuite skipped="0" hostname="keerthi-PC" name="tests.DataFromSuite" tests="3" failures="0" timestamp="04 Oct 2018 19:17:46 GMT" time="55.223" errors="0">
  <testcase name="search" time="25.201" classname="tests.DataFromSuite"/>
  <testcase name="search" time="16.832" classname="tests.DataFromSuite"/>
  <testcase name="search" time="13.190" classname="tests.DataFromSuite"/>
</testsuite> <!-- tests.DataFromSuite -->
